<?xml version="1.0" encoding="UTF-8"?>
<testng-results ignored="0" total="1" passed="1" failed="0" skipped="0">
  <reporter-output>
  </reporter-output>
  <suite started-at="2024-01-11T19:54:04 EST" name="Default suite" finished-at="2024-01-11T19:54:17 EST" duration-ms="12722">
    <groups>
    </groups>
    <test started-at="2024-01-11T19:54:04 EST" name="Default test" finished-at="2024-01-11T19:54:17 EST" duration-ms="12722">
      <class name="com.qa.tn_part1_AddToCartTest.AddToCart_Test">
        <test-method is-config="true" signature="setup()[pri:0, instance:com.qa.tn_part1_AddToCartTest.AddToCart_Test@a38c7fe]" started-at="2024-01-11T19:54:04 EST" name="setup" finished-at="2024-01-11T19:54:09 EST" duration-ms="5238" status="PASS">
          <reporter-output>
          </reporter-output>
        </test-method> <!-- setup -->
        <test-method signature="checkingOutValidProduct()[pri:0, instance:com.qa.tn_part1_AddToCartTest.AddToCart_Test@a38c7fe]" started-at="2024-01-11T19:54:09 EST" name="checkingOutValidProduct" finished-at="2024-01-11T19:54:16 EST" duration-ms="7135" status="PASS">
          <reporter-output>
          </reporter-output>
        </test-method> <!-- checkingOutValidProduct -->
        <test-method is-config="true" signature="tearDown()[pri:0, instance:com.qa.tn_part1_AddToCartTest.AddToCart_Test@a38c7fe]" started-at="2024-01-11T19:54:17 EST" name="tearDown" finished-at="2024-01-11T19:54:17 EST" duration-ms="306" status="PASS">
          <reporter-output>
          </reporter-output>
        </test-method> <!-- tearDown -->
      </class> <!-- com.qa.tn_part1_AddToCartTest.AddToCart_Test -->
    </test> <!-- Default test -->
  </suite> <!-- Default suite -->
</testng-results>
